Arguments: 
  C:\Program Files\nodejs\node.exe D:\bin\yarn.js start

PATH: 
  C:\Python311\Scripts\;C:\Python311\;C:\Program Files\Common Files\Oracle\Java\javapath;C:\WINDOWS\system32;C:\WINDOWS;C:\WINDOWS\System32\Wbem;C:\WINDOWS\System32\WindowsPowerShell\v1.0\;C:\WINDOWS\System32\OpenSSH\;C:\Program Files\Git\cmd;C:\Program Files\GitHub CLI\;C:\ProgramData\chocolatey\bin;C:\Program Files\nodejs\;D:\bin\;C:\Program Files\MySQL\MySQL Shell 8.0\bin\;C:\Users\Kajal Choudhary\AppData\Local\Microsoft\WindowsApps;C:\Users\Kajal Choudhary\AppData\Local\Programs\Microsoft VS Code\bin;C:\Users\Kajal Choudhary\AppData\Local\GitHubDesktop\bin;C:\flutter\bin;C:\MinGW\bin;C:\Users\Kajal Choudhary\AppData\Roaming\npm;

Yarn version: 
  1.22.19

Node version: 
  18.17.0

Platform: 
  win32 x64

Trace: 
  Error: EPERM: operation not permitted, mkdir 'C:\Users\Kajal-1'

npm manifest: 
  {
    "name": "server",
    "version": "1.0.0",
    "description": "",
    "main": "index.js",
    "type": "module",
    "scripts": {
      "start": "nodemon index.js"
    },
    "author": "",
    "license": "ISC",
    "devDependencies": {
      "nodemon": "^3.0.1"
    },
    "dependencies": {
      "bcrypt": "^5.1.0",
      "body-parser": "^1.20.2",
      "cors": "^2.8.5",
      "dotenv": "^16.3.1",
      "express": "^4.18.2",
      "gridfs-stream": "^1.1.1",
      "jsonwebtoken": "^9.0.1",
      "mongoose": "^7.4.1",
      "multer": "^1.4.5-lts.1",
      "multer-gridfs-storage": "^5.0.2"
    }
  }

yarn manifest: 
  No manifest

Lockfile: 
  No lockfile
